{"E:\\code\\笔记\\Microsoft VS Code\\项目练习\\request-demo\\src\\index.ts": {"path":"E:\\code\\笔记\\Microsoft VS Code\\项目练习\\request-demo\\src\\index.ts","statementMap":{"0":{"start":{"line":2,"column":0},"end":{"line":2,"column":9}},"1":{"start":{"line":2,"column":9},"end":{"line":2,"column":28}}},"fnMap":{"0":{"name":"(anonymous_0)","decl":{"start":{"line":2,"column":9},"end":{"line":2,"column":12}},"loc":{"start":{"line":2,"column":9},"end":{"line":2,"column":28}}}},"branchMap":{},"s":{"0":1,"1":2},"f":{"0":1},"b":{}}
,"E:\\code\\笔记\\Microsoft VS Code\\项目练习\\request-demo\\src\\sum.ts": {"path":"E:\\code\\笔记\\Microsoft VS Code\\项目练习\\request-demo\\src\\sum.ts","statementMap":{"0":{"start":{"line":1,"column":20},"end":{"line":1,"column":37}},"1":{"start":{"line":2,"column":2},"end":{"line":2,"column":55}},"2":{"start":{"line":2,"column":38},"end":{"line":2,"column":52}},"3":{"start":{"line":1,"column":0},"end":{"line":1,"column":16}}},"fnMap":{"0":{"name":"sum","decl":{"start":{"line":1,"column":16},"end":{"line":1,"column":19}},"loc":{"start":{"line":1,"column":19},"end":{"line":3,"column":1}}},"1":{"name":"(anonymous_1)","decl":{"start":{"line":2,"column":21},"end":{"line":2,"column":22}},"loc":{"start":{"line":2,"column":33},"end":{"line":2,"column":43}}}},"branchMap":{},"s":{"0":4,"1":1,"2":2,"3":1},"f":{"0":1,"1":2},"b":{}}
}
